CASE NUMBER 1
PRIME SUSPECTS ARE...
NO SUSPECTS FOR THIS CASE

CASE NUMBER 2
PRIME SUSPECTS ARE...
ANOTHER-NEWGUY
BUFFALO-BILL
TWINGUN-MORGAN

CASE NUMBER 3
PRIME SUSPECTS ARE...
QUICKDRAW-MCGRAW

CASE NUMBER 4
PRIME SUSPECTS ARE...
NO SUSPECTS FOR THIS CASE

CASE NUMBER 5
PRIME SUSPECTS ARE...
ANOTHER-NEWGUY
LEISURE-SUIT-LARRY
SLOWDRAW-RAUL
SON-OF-SAM
ZIGGY-NEWMAN

CASE NUMBER 6
PRIME SUSPECTS ARE...
NO SUSPECTS FOR THIS CASE

CASE NUMBER 7
PRIME SUSPECTS ARE...
NO SUSPECTS FOR THIS CASE

CASE NUMBER 8
PRIME SUSPECTS ARE...
NO SUSPECTS FOR THIS CASE
